DEPRECATION WARNING: ActionController::Base.cookie_verifier_secret= is deprecated. Please configure it on your application with config.secret_token=. (called from /home/junovac/bothlikethis/config/initializers/cookie_verification_secret.rb:7)
DEPRECATION WARNING: ActionController::Base.cookie_verifier_secret= is deprecated. Please configure it on your application with config.secret_token=. (called from /home/junovac/bothlikethis/config/initializers/cookie_verification_secret.rb:7)
DEPRECATION WARNING: ActionController::Base.cookie_verifier_secret= is deprecated. Please configure it on your application with config.secret_token=. (called from /home/junovac/bothlikethis/config/initializers/cookie_verification_secret.rb:7)
DEPRECATION WARNING: ActionController::Base.cookie_verifier_secret= is deprecated. Please configure it on your application with config.secret_token=. (called from /home/junovac/bothlikethis/config/initializers/cookie_verification_secret.rb:7)
DEPRECATION WARNING: ActionController::Base.cookie_verifier_secret= is deprecated. Please configure it on your application with config.secret_token=. (called from /home/junovac/bothlikethis/config/initializers/cookie_verification_secret.rb:7)
DEPRECATION WARNING: ActionController::Base.cookie_verifier_secret= is deprecated. Please configure it on your application with config.secret_token=. (called from /home/junovac/bothlikethis/config/initializers/cookie_verification_secret.rb:7)
DEPRECATION WARNING: ActionController::Routing::Routes is deprecated. Instead, use Rails.application.routes. (called from /home/junovac/bothlikethis/config/routes.rb:1)
DEPRECATION WARNING: You are using the old router DSL which will be removed in Rails 3.1. Please check how to update your routes file at: http://www.engineyard.com/blog/2010/the-lowdown-on-routes-in-rails-3/. (called from /home/junovac/bothlikethis/config/routes.rb:1)


Started GET "/topics/" for 127.0.0.1 at Sun Mar 20 01:00:27 +0530 2011
  Processing by TopicsController#index as HTML
  [1m[36mTopic Load (0.8ms)[0m  [1mSELECT "topics".* FROM "topics"[0m
Rendered topics/index.html.erb within layouts/topics (32.5ms)
Completed 200 OK in 75ms (Views: 36.3ms | ActiveRecord: 0.8ms)


Started GET "/topics/new" for 127.0.0.1 at Sun Mar 20 01:00:32 +0530 2011
  Processing by TopicsController#new as HTML
DEPRECATION WARNING: f.error_messages was removed from Rails and is now available as a plugin. Please install it with `rails plugin install git://github.com/rails/dynamic_form.git`. (called from _app_views_topics_new_html_erb__950479339__621066268_0 at /home/junovac/bothlikethis/app/views/topics/new.html.erb:4)
DEPRECATION WARNING: <% %> style block helpers are deprecated. Please use <%= %>. (called from _app_views_topics_new_html_erb__950479339__621066268_0 at /home/junovac/bothlikethis/app/views/topics/new.html.erb:3)
Rendered topics/new.html.erb within layouts/topics (55.8ms)
Completed 200 OK in 67ms (Views: 59.1ms | ActiveRecord: 0.0ms)


Started GET "/topics/1" for 127.0.0.1 at Sun Mar 20 01:00:48 +0530 2011
  Processing by TopicsController#show as HTML
  Parameters: {"id"=>"1"}
  [1m[35mSQL (0.6ms)[0m   SELECT name
 FROM sqlite_master
 WHERE type = 'table' AND NOT name = 'sqlite_sequence'
  [1m[36mTopic Load (0.2ms)[0m  [1mSELECT "topics".* FROM "topics" WHERE ("topics"."id" = 1) LIMIT 1[0m
Rendered topics/show.html.erb within layouts/topics (5.8ms)
Completed 200 OK in 19ms (Views: 9.2ms | ActiveRecord: 0.8ms)


Started GET "/topics" for 127.0.0.1 at Sun Mar 20 01:00:50 +0530 2011
  Processing by TopicsController#index as HTML
  [1m[35mTopic Load (0.7ms)[0m  SELECT "topics".* FROM "topics"
Rendered topics/index.html.erb within layouts/topics (9.5ms)
Completed 200 OK in 22ms (Views: 12.9ms | ActiveRecord: 0.7ms)


Started GET "/" for 127.0.0.1 at Sun Mar 20 01:01:20 +0530 2011
  Processing by HomeController#index as HTML
  [1m[36mTopic Load (0.3ms)[0m  [1mSELECT "topics".* FROM "topics" WHERE (time_to_show < '2011-03-19 19:31:20.969447') ORDER BY time_to_show DESC LIMIT 1[0m
  [1m[35mTopic Load (0.2ms)[0m  SELECT "topics".* FROM "topics" WHERE (time_to_show > '2011-03-19 19:31:20.985277') ORDER BY time_to_show ASC LIMIT 1
  [1m[36mTopic Load (0.3ms)[0m  [1mSELECT "topics".* FROM "topics" WHERE (time_to_show < '2011-03-19 19:31:21.025251') ORDER BY time_to_show DESC LIMIT 1[0m
  [1m[35mTopic Load (0.2ms)[0m  SELECT "topics".* FROM "topics" WHERE (time_to_show > '2011-03-19 19:31:21.026568') ORDER BY time_to_show ASC LIMIT 1
  [1m[36mPossibleName Load (0.9ms)[0m  [1mselect * from possible_names where name not in (select given_username from session_users where session_users.topic_id = 2) order by RANDOM() LIMIT 1[0m
  [1m[35mAREL (1.0ms)[0m  INSERT INTO "session_users" ("topic_id", "updated_at", "user_id", "created_at", "weight", "given_username") VALUES (2, '2011-03-19 19:31:21.044747', NULL, '2011-03-19 19:31:21.044747', 1.0, 'aardvark')
  [1m[36mOpinion Load (0.5ms)[0m  [1m select *, SUM(case when like_int = 1 then 1 else 0 end) as like_count,
 SUM(case when like_int = -1 then 1 else 0 end) as unlike_count, 
 SUM(case when opinions.session_user_id = 34 then opinions.like_int else 0 end) 
 as current_session_user_like_int from opinions
 inner join session_users on session_users.id = opinions.session_user_id 
 inner join topic_attributes on topic_attributes.id = opinions.topic_attribute_id
 where session_users.topic_id = 2
 group by opinions.topic_attribute_id
 order by (like_count + unlike_count) asc[0m
  [1m[35mSessionUser Load (0.6ms)[0m  select * from (select session_users.*, sum(attrib.weight * o1.like_int * o2.like_int) as match_score from opinions as o1, opinions as o2, topic_attributes as attrib, session_users where o1.topic_attribute_id = o2.topic_attribute_id and o1.session_user_id != o2.session_user_id and o1.topic_attribute_id = attrib.id and o2.session_user_id = session_users.id and o1.session_user_id = 34 group by o2.session_user_id order by match_score desc) where match_score > 0 
Rendered home/index.html.erb within layouts/application (36.7ms)
Completed   in 289ms

ActionView::Template::Error (undefined method `form_remote_for' for #<#<Class:0xb5e8668c>:0xb5e855ac>):
    67: </div>
    68: 
    69: <div style="font-size:110%;">
    70: <% form_remote_for(@like_opinion) do |f| %>
    71:   <%= f.error_messages %>
    72:   
    73:   The thing that I <b>love</b> about <b><%=h @current_topic.name %></b> is <input id="likeTextBox_top" name="opinion_text" autocomplete="off" type="text" style="padding:0px;margin:0px;font-size:100%;border:1px dotted;background-color:#eeffee;" value="" size="10" onkeyup="changeSize(this)" onchange="changeSize(this)" />.
  app/views/home/index.html.erb:70:in `_app_views_home_index_html_erb___896461872__621534938_0'
  actionpack (3.0.3) lib/action_view/template.rb:135:in `send'
  actionpack (3.0.3) lib/action_view/template.rb:135:in `render'
  activesupport (3.0.3) lib/active_support/notifications.rb:54:in `instrument'
  actionpack (3.0.3) lib/action_view/template.rb:127:in `render'
  actionpack (3.0.3) lib/action_view/render/rendering.rb:59:in `_render_template'
  activesupport (3.0.3) lib/active_support/notifications.rb:52:in `instrument'
  activesupport (3.0.3) lib/active_support/notifications/instrumenter.rb:21:in `instrument'
  activesupport (3.0.3) lib/active_support/notifications.rb:52:in `instrument'
  actionpack (3.0.3) lib/action_view/render/rendering.rb:56:in `_render_template'
  actionpack (3.0.3) lib/action_view/render/rendering.rb:26:in `render'
  actionpack (3.0.3) lib/abstract_controller/rendering.rb:114:in `_render_template'
  actionpack (3.0.3) lib/abstract_controller/rendering.rb:108:in `render_to_body'
  actionpack (3.0.3) lib/action_controller/metal/renderers.rb:47:in `render_to_body'
  actionpack (3.0.3) lib/action_controller/metal/compatibility.rb:55:in `render_to_body'
  actionpack (3.0.3) lib/abstract_controller/rendering.rb:101:in `render_to_string'
  actionpack (3.0.3) lib/abstract_controller/rendering.rb:92:in `render'
  actionpack (3.0.3) lib/action_controller/metal/rendering.rb:17:in `render'
  actionpack (3.0.3) lib/action_controller/metal/instrumentation.rb:40:in `render'
  activesupport (3.0.3) lib/active_support/core_ext/benchmark.rb:5:in `ms'
  /usr/lib/ruby/1.8/benchmark.rb:308:in `realtime'
  activesupport (3.0.3) lib/active_support/core_ext/benchmark.rb:5:in `ms'
  actionpack (3.0.3) lib/action_controller/metal/instrumentation.rb:40:in `render'
  actionpack (3.0.3) lib/action_controller/metal/instrumentation.rb:78:in `cleanup_view_runtime'
  activerecord (3.0.3) lib/active_record/railties/controller_runtime.rb:15:in `cleanup_view_runtime'
  actionpack (3.0.3) lib/action_controller/metal/instrumentation.rb:39:in `render'
  actionpack (3.0.3) lib/action_controller/metal/implicit_render.rb:10:in `default_render'
  actionpack (3.0.3) lib/action_controller/metal/implicit_render.rb:5:in `send_action'
  actionpack (3.0.3) lib/abstract_controller/base.rb:151:in `process_action'
  actionpack (3.0.3) lib/action_controller/metal/rendering.rb:11:in `process_action'
  actionpack (3.0.3) lib/abstract_controller/callbacks.rb:18:in `process_action'
  activesupport (3.0.3) lib/active_support/callbacks.rb:435:in `_run__738958071__process_action__199225275__callbacks'
  activesupport (3.0.3) lib/active_support/callbacks.rb:409:in `send'
  activesupport (3.0.3) lib/active_support/callbacks.rb:409:in `_run_process_action_callbacks'
  activesupport (3.0.3) lib/active_support/callbacks.rb:93:in `send'
  activesupport (3.0.3) lib/active_support/callbacks.rb:93:in `run_callbacks'
  actionpack (3.0.3) lib/abstract_controller/callbacks.rb:17:in `process_action'
  actionpack (3.0.3) lib/action_controller/metal/instrumentation.rb:30:in `process_action'
  activesupport (3.0.3) lib/active_support/notifications.rb:52:in `instrument'
  activesupport (3.0.3) lib/active_support/notifications/instrumenter.rb:21:in `instrument'
  activesupport (3.0.3) lib/active_support/notifications.rb:52:in `instrument'
  actionpack (3.0.3) lib/action_controller/metal/instrumentation.rb:29:in `process_action'
  actionpack (3.0.3) lib/action_controller/metal/rescue.rb:17:in `process_action'
  actionpack (3.0.3) lib/abstract_controller/base.rb:120:in `process'
  actionpack (3.0.3) lib/abstract_controller/rendering.rb:40:in `process'
  actionpack (3.0.3) lib/action_controller/metal.rb:138:in `dispatch'
  actionpack (3.0.3) lib/action_controller/metal/rack_delegation.rb:14:in `dispatch'
  actionpack (3.0.3) lib/action_controller/metal.rb:178
  actionpack (3.0.3) lib/action_dispatch/routing/route_set.rb:62:in `call'
  actionpack (3.0.3) lib/action_dispatch/routing/route_set.rb:62:in `dispatch'
  actionpack (3.0.3) lib/action_dispatch/routing/route_set.rb:27:in `call'
  rack-mount (0.6.13) lib/rack/mount/route_set.rb:148:in `call'
  rack-mount (0.6.13) lib/rack/mount/code_generation.rb:93:in `recognize'
  rack-mount (0.6.13) lib/rack/mount/code_generation.rb:68:in `optimized_each'
  rack-mount (0.6.13) lib/rack/mount/code_generation.rb:92:in `recognize'
  rack-mount (0.6.13) lib/rack/mount/route_set.rb:139:in `call'
  actionpack (3.0.3) lib/action_dispatch/routing/route_set.rb:492:in `call'
  actionpack (3.0.3) lib/action_dispatch/middleware/best_standards_support.rb:17:in `call'
  actionpack (3.0.3) lib/action_dispatch/middleware/head.rb:14:in `call'
  rack (1.2.1) lib/rack/methodoverride.rb:24:in `call'
  actionpack (3.0.3) lib/action_dispatch/middleware/params_parser.rb:21:in `call'
  actionpack (3.0.3) lib/action_dispatch/middleware/flash.rb:182:in `call'
  actionpack (3.0.3) lib/action_dispatch/middleware/session/abstract_store.rb:149:in `call'
  actionpack (3.0.3) lib/action_dispatch/middleware/cookies.rb:295:in `call'
  activerecord (3.0.3) lib/active_record/query_cache.rb:32:in `call'
  activerecord (3.0.3) lib/active_record/connection_adapters/abstract/query_cache.rb:28:in `cache'
  activerecord (3.0.3) lib/active_record/query_cache.rb:12:in `cache'
  activerecord (3.0.3) lib/active_record/query_cache.rb:31:in `call'
  activerecord (3.0.3) lib/active_record/connection_adapters/abstract/connection_pool.rb:353:in `call'
  actionpack (3.0.3) lib/action_dispatch/middleware/callbacks.rb:46:in `call'
  activesupport (3.0.3) lib/active_support/callbacks.rb:415:in `_run_call_callbacks'
  actionpack (3.0.3) lib/action_dispatch/middleware/callbacks.rb:44:in `call'
  rack (1.2.1) lib/rack/sendfile.rb:107:in `call'
  actionpack (3.0.3) lib/action_dispatch/middleware/remote_ip.rb:48:in `call'
  actionpack (3.0.3) lib/action_dispatch/middleware/show_exceptions.rb:46:in `call'
  railties (3.0.3) lib/rails/rack/logger.rb:13:in `call'
  rack (1.2.1) lib/rack/runtime.rb:17:in `call'
  activesupport (3.0.3) lib/active_support/cache/strategy/local_cache.rb:72:in `call'
  rack (1.2.1) lib/rack/lock.rb:11:in `call'
  rack (1.2.1) lib/rack/lock.rb:11:in `synchronize'
  rack (1.2.1) lib/rack/lock.rb:11:in `call'
  actionpack (3.0.3) lib/action_dispatch/middleware/static.rb:30:in `call'
  railties (3.0.3) lib/rails/application.rb:168:in `call'
  railties (3.0.3) lib/rails/application.rb:77:in `send'
  railties (3.0.3) lib/rails/application.rb:77:in `method_missing'
  railties (3.0.3) lib/rails/rack/log_tailer.rb:14:in `call'
  rack (1.2.1) lib/rack/content_length.rb:13:in `call'
  rack (1.2.1) lib/rack/handler/webrick.rb:52:in `service'
  /usr/lib/ruby/1.8/webrick/httpserver.rb:104:in `service'
  /usr/lib/ruby/1.8/webrick/httpserver.rb:65:in `run'
  /usr/lib/ruby/1.8/webrick/server.rb:173:in `start_thread'
  /usr/lib/ruby/1.8/webrick/server.rb:162:in `start'
  /usr/lib/ruby/1.8/webrick/server.rb:162:in `start_thread'
  /usr/lib/ruby/1.8/webrick/server.rb:95:in `start'
  /usr/lib/ruby/1.8/webrick/server.rb:92:in `each'
  /usr/lib/ruby/1.8/webrick/server.rb:92:in `start'
  /usr/lib/ruby/1.8/webrick/server.rb:23:in `start'
  /usr/lib/ruby/1.8/webrick/server.rb:82:in `start'
  rack (1.2.1) lib/rack/handler/webrick.rb:13:in `run'
  rack (1.2.1) lib/rack/server.rb:213:in `start'
  railties (3.0.3) lib/rails/commands/server.rb:65:in `start'
  railties (3.0.3) lib/rails/commands.rb:30
  railties (3.0.3) lib/rails/commands.rb:27:in `tap'
  railties (3.0.3) lib/rails/commands.rb:27
  script/rails:6:in `require'
  script/rails:6

Rendered /usr/lib/ruby/gems/1.8/gems/actionpack-3.0.3/lib/action_dispatch/middleware/templates/rescues/_trace.erb (1.3ms)
Rendered /usr/lib/ruby/gems/1.8/gems/actionpack-3.0.3/lib/action_dispatch/middleware/templates/rescues/_request_and_response.erb (56.2ms)
Rendered /usr/lib/ruby/gems/1.8/gems/actionpack-3.0.3/lib/action_dispatch/middleware/templates/rescues/template_error.erb within rescues/layout (62.7ms)
DEPRECATION WARNING: ActionController::Base.cookie_verifier_secret= is deprecated. Please configure it on your application with config.secret_token=. (called from /home/junovac/bothlikethis/config/initializers/cookie_verification_secret.rb:7)
DEPRECATION WARNING: ActionController::Routing::Routes is deprecated. Instead, use Rails.application.routes. (called from /home/junovac/bothlikethis/config/routes.rb:1)
DEPRECATION WARNING: You are using the old router DSL which will be removed in Rails 3.1. Please check how to update your routes file at: http://www.engineyard.com/blog/2010/the-lowdown-on-routes-in-rails-3/. (called from /home/junovac/bothlikethis/config/routes.rb:1)


Started GET "/" for 127.0.0.1 at Sun Mar 20 01:05:45 +0530 2011
  Processing by HomeController#index as HTML
  [1m[36mTopic Load (0.3ms)[0m  [1mSELECT "topics".* FROM "topics" WHERE (time_to_show < '2011-03-19 19:35:45.396988') ORDER BY time_to_show DESC LIMIT 1[0m
  [1m[35mTopic Load (0.1ms)[0m  SELECT "topics".* FROM "topics" WHERE (time_to_show > '2011-03-19 19:35:45.423393') ORDER BY time_to_show ASC LIMIT 1
  [1m[36mTopic Load (0.3ms)[0m  [1mSELECT "topics".* FROM "topics" WHERE (time_to_show < '2011-03-19 19:35:45.445649') ORDER BY time_to_show DESC LIMIT 1[0m
  [1m[35mTopic Load (0.1ms)[0m  SELECT "topics".* FROM "topics" WHERE (time_to_show > '2011-03-19 19:35:45.446703') ORDER BY time_to_show ASC LIMIT 1
  [1m[36mPossibleName Load (0.8ms)[0m  [1mselect * from possible_names where name not in (select given_username from session_users where session_users.topic_id = 2) order by RANDOM() LIMIT 1[0m
  [1m[35mSQL (0.2ms)[0m   SELECT name
 FROM sqlite_master
 WHERE type = 'table' AND NOT name = 'sqlite_sequence'
  [1m[36mAREL (0.9ms)[0m  [1mINSERT INTO "session_users" ("given_username", "user_id", "weight", "updated_at", "topic_id", "created_at") VALUES ('musk-ox', NULL, 1.0, '2011-03-19 19:35:45.463486', 2, '2011-03-19 19:35:45.463486')[0m
  [1m[35mOpinion Load (0.4ms)[0m   select *, SUM(case when like_int = 1 then 1 else 0 end) as like_count,
 SUM(case when like_int = -1 then 1 else 0 end) as unlike_count, 
 SUM(case when opinions.session_user_id = 35 then opinions.like_int else 0 end) 
 as current_session_user_like_int from opinions
 inner join session_users on session_users.id = opinions.session_user_id 
 inner join topic_attributes on topic_attributes.id = opinions.topic_attribute_id
 where session_users.topic_id = 2
 group by opinions.topic_attribute_id
 order by (like_count + unlike_count) asc
  [1m[36mSessionUser Load (0.3ms)[0m  [1mselect * from (select session_users.*, sum(attrib.weight * o1.like_int * o2.like_int) as match_score from opinions as o1, opinions as o2, topic_attributes as attrib, session_users where o1.topic_attribute_id = o2.topic_attribute_id and o1.session_user_id != o2.session_user_id and o1.topic_attribute_id = attrib.id and o2.session_user_id = session_users.id and o1.session_user_id = 35 group by o2.session_user_id order by match_score desc) where match_score > 0 [0m
DEPRECATION WARNING: f.error_messages was removed from Rails and is now available as a plugin. Please install it with `rails plugin install git://github.com/rails/dynamic_form.git`. (called from _app_views_home_index_html_erb___896461872__620627258_0 at /home/junovac/bothlikethis/app/views/home/index.html.erb:71)
DEPRECATION WARNING: <% %> style block helpers are deprecated. Please use <%= %>. (called from _app_views_home_index_html_erb___896461872__620627258_0 at /home/junovac/bothlikethis/app/views/home/index.html.erb:70)
DEPRECATION WARNING: f.error_messages was removed from Rails and is now available as a plugin. Please install it with `rails plugin install git://github.com/rails/dynamic_form.git`. (called from _app_views_home_index_html_erb___896461872__620627258_0 at /home/junovac/bothlikethis/app/views/home/index.html.erb:84)
DEPRECATION WARNING: <% %> style block helpers are deprecated. Please use <%= %>. (called from _app_views_home_index_html_erb___896461872__620627258_0 at /home/junovac/bothlikethis/app/views/home/index.html.erb:83)
DEPRECATION WARNING: <% %> style block helpers are deprecated. Please use <%= %>. (called from _app_views_home_index_html_erb___896461872__620627258_0 at /home/junovac/bothlikethis/app/views/home/index.html.erb:125)
Rendered home/index.html.erb within layouts/application (12.4ms)
Completed 200 OK in 331ms (Views: 18.0ms | ActiveRecord: 3.5ms)
DEPRECATION WARNING: ActionController::Base.cookie_verifier_secret= is deprecated. Please configure it on your application with config.secret_token=. (called from /home/junovac/bothlikethis/config/initializers/cookie_verification_secret.rb:7)
DEPRECATION WARNING: ActionController::Routing::Routes is deprecated. Instead, use Rails.application.routes. (called from /home/junovac/bothlikethis/config/routes.rb:1)
DEPRECATION WARNING: You are using the old router DSL which will be removed in Rails 3.1. Please check how to update your routes file at: http://www.engineyard.com/blog/2010/the-lowdown-on-routes-in-rails-3/. (called from /home/junovac/bothlikethis/config/routes.rb:1)
DEPRECATION WARNING: ActionController::Base.cookie_verifier_secret= is deprecated. Please configure it on your application with config.secret_token=. (called from /home/junovac/bothlikethis/config/initializers/cookie_verification_secret.rb:7)
DEPRECATION WARNING: ActionController::Routing::Routes is deprecated. Instead, use Rails.application.routes. (called from /home/junovac/bothlikethis/config/routes.rb:1)
DEPRECATION WARNING: You are using the old router DSL which will be removed in Rails 3.1. Please check how to update your routes file at: http://www.engineyard.com/blog/2010/the-lowdown-on-routes-in-rails-3/. (called from /home/junovac/bothlikethis/config/routes.rb:1)


Started GET "/" for 127.0.0.1 at Sun Mar 20 01:06:24 +0530 2011
  Processing by HomeController#index as HTML
  [1m[36mTopic Load (0.3ms)[0m  [1mSELECT "topics".* FROM "topics" WHERE (time_to_show < '2011-03-19 19:36:24.876244') ORDER BY time_to_show DESC LIMIT 1[0m
  [1m[35mTopic Load (0.1ms)[0m  SELECT "topics".* FROM "topics" WHERE (time_to_show > '2011-03-19 19:36:24.902902') ORDER BY time_to_show ASC LIMIT 1
  [1m[36mSQL (0.3ms)[0m  [1m SELECT name
 FROM sqlite_master
 WHERE type = 'table' AND NOT name = 'sqlite_sequence'
[0m
  [1m[35mSessionUser Load (0.2ms)[0m  SELECT "session_users".* FROM "session_users" WHERE ("session_users"."id" = 35) LIMIT 1
  [1m[36mTopic Load (0.2ms)[0m  [1mSELECT "topics".* FROM "topics" WHERE (time_to_show < '2011-03-19 19:36:24.927476') ORDER BY time_to_show DESC LIMIT 1[0m
  [1m[35mTopic Load (0.1ms)[0m  SELECT "topics".* FROM "topics" WHERE (time_to_show > '2011-03-19 19:36:24.928456') ORDER BY time_to_show ASC LIMIT 1
  [1m[36mOpinion Load (0.3ms)[0m  [1m select *, SUM(case when like_int = 1 then 1 else 0 end) as like_count,
 SUM(case when like_int = -1 then 1 else 0 end) as unlike_count, 
 SUM(case when opinions.session_user_id = 35 then opinions.like_int else 0 end) 
 as current_session_user_like_int from opinions
 inner join session_users on session_users.id = opinions.session_user_id 
 inner join topic_attributes on topic_attributes.id = opinions.topic_attribute_id
 where session_users.topic_id = 2
 group by opinions.topic_attribute_id
 order by (like_count + unlike_count) asc[0m
  [1m[35mSessionUser Load (0.2ms)[0m  select * from (select session_users.*, sum(attrib.weight * o1.like_int * o2.like_int) as match_score from opinions as o1, opinions as o2, topic_attributes as attrib, session_users where o1.topic_attribute_id = o2.topic_attribute_id and o1.session_user_id != o2.session_user_id and o1.topic_attribute_id = attrib.id and o2.session_user_id = session_users.id and o1.session_user_id = 35 group by o2.session_user_id order by match_score desc) where match_score > 0 
DEPRECATION WARNING: <% %> style block helpers are deprecated. Please use <%= %>. (called from _app_views_home_index_html_erb___896461872__620815378_0 at /home/junovac/bothlikethis/app/views/home/index.html.erb:70)
DEPRECATION WARNING: <% %> style block helpers are deprecated. Please use <%= %>. (called from _app_views_home_index_html_erb___896461872__620815378_0 at /home/junovac/bothlikethis/app/views/home/index.html.erb:83)
DEPRECATION WARNING: <% %> style block helpers are deprecated. Please use <%= %>. (called from _app_views_home_index_html_erb___896461872__620815378_0 at /home/junovac/bothlikethis/app/views/home/index.html.erb:125)
Rendered home/index.html.erb within layouts/application (13.3ms)
Completed 200 OK in 157ms (Views: 18.4ms | ActiveRecord: 1.8ms)


Started GET "/" for 127.0.0.1 at Sun Mar 20 01:06:29 +0530 2011
  Processing by HomeController#index as HTML
  [1m[36mTopic Load (0.3ms)[0m  [1mSELECT "topics".* FROM "topics" WHERE (time_to_show < '2011-03-19 19:36:29.924952') ORDER BY time_to_show DESC LIMIT 1[0m
  [1m[35mTopic Load (0.1ms)[0m  SELECT "topics".* FROM "topics" WHERE (time_to_show > '2011-03-19 19:36:29.926419') ORDER BY time_to_show ASC LIMIT 1
  [1m[36mSessionUser Load (0.2ms)[0m  [1mSELECT "session_users".* FROM "session_users" WHERE ("session_users"."id" = 35) LIMIT 1[0m
  [1m[35mTopic Load (0.2ms)[0m  SELECT "topics".* FROM "topics" WHERE (time_to_show < '2011-03-19 19:36:29.947719') ORDER BY time_to_show DESC LIMIT 1
  [1m[36mTopic Load (0.1ms)[0m  [1mSELECT "topics".* FROM "topics" WHERE (time_to_show > '2011-03-19 19:36:29.948602') ORDER BY time_to_show ASC LIMIT 1[0m
  [1m[35mOpinion Load (0.3ms)[0m   select *, SUM(case when like_int = 1 then 1 else 0 end) as like_count,
 SUM(case when like_int = -1 then 1 else 0 end) as unlike_count, 
 SUM(case when opinions.session_user_id = 35 then opinions.like_int else 0 end) 
 as current_session_user_like_int from opinions
 inner join session_users on session_users.id = opinions.session_user_id 
 inner join topic_attributes on topic_attributes.id = opinions.topic_attribute_id
 where session_users.topic_id = 2
 group by opinions.topic_attribute_id
 order by (like_count + unlike_count) asc
  [1m[36mSessionUser Load (0.2ms)[0m  [1mselect * from (select session_users.*, sum(attrib.weight * o1.like_int * o2.like_int) as match_score from opinions as o1, opinions as o2, topic_attributes as attrib, session_users where o1.topic_attribute_id = o2.topic_attribute_id and o1.session_user_id != o2.session_user_id and o1.topic_attribute_id = attrib.id and o2.session_user_id = session_users.id and o1.session_user_id = 35 group by o2.session_user_id order by match_score desc) where match_score > 0 [0m
DEPRECATION WARNING: <% %> style block helpers are deprecated. Please use <%= %>. (called from _app_views_home_index_html_erb___896461872__620541678_0 at /home/junovac/bothlikethis/app/views/home/index.html.erb:70)
DEPRECATION WARNING: <% %> style block helpers are deprecated. Please use <%= %>. (called from _app_views_home_index_html_erb___896461872__620541678_0 at /home/junovac/bothlikethis/app/views/home/index.html.erb:83)
DEPRECATION WARNING: <% %> style block helpers are deprecated. Please use <%= %>. (called from _app_views_home_index_html_erb___896461872__620541678_0 at /home/junovac/bothlikethis/app/views/home/index.html.erb:125)
Rendered home/index.html.erb within layouts/application (11.5ms)
Completed 200 OK in 114ms (Views: 16.9ms | ActiveRecord: 1.5ms)


Started POST "/opinions" for 127.0.0.1 at Sun Mar 20 01:06:36 +0530 2011
  Processing by OpinionsController#create as JS
  Parameters: {"opinion_text"=>"red", "opinion"=>{"like"=>"true", "action_type"=>"1"}, "authenticity_token"=>"csIdbLNNW0USqAf6cmG7I2waiyfuQgQMqXFJynjblvo=", "utf8"=>"\342\234\223", "_"=>""}
  [1m[35mSessionUser Load (0.2ms)[0m  SELECT "session_users".* FROM "session_users" WHERE ("session_users"."id" = 35) LIMIT 1
  [1m[36mTopic Load (0.3ms)[0m  [1mSELECT "topics".* FROM "topics" WHERE (time_to_show < '2011-03-19 19:36:36.241492') ORDER BY time_to_show DESC LIMIT 1[0m
  [1m[35mTopic Load (0.1ms)[0m  SELECT "topics".* FROM "topics" WHERE (time_to_show > '2011-03-19 19:36:36.242838') ORDER BY time_to_show ASC LIMIT 1
  [1m[36mTopicAttribute Load (0.2ms)[0m  [1mSELECT "topic_attributes".* FROM "topic_attributes" WHERE (lower(text) = 'red') LIMIT 1[0m
  [1m[35mSQL (0.2ms)[0m  SELECT COUNT(*) FROM "opinions" WHERE ("opinions".topic_attribute_id = NULL)
  [1m[36mCACHE (0.0ms)[0m  [1mSELECT "session_users".* FROM "session_users" WHERE ("session_users"."id" = 35) LIMIT 1[0m
  [1m[35mSQL (0.2ms)[0m  SELECT COUNT(*) FROM "opinions" WHERE ("opinions".session_user_id = 35)
  [1m[36mAREL (0.8ms)[0m  [1mINSERT INTO "topic_attributes" ("created_at", "text", "weight", "updated_at") VALUES ('2011-03-19 19:36:36.278251', 'red', 1.0, '2011-03-19 19:36:36.278251')[0m
  [1m[35mAREL (1.7ms)[0m  INSERT INTO "opinions" ("like_int", "created_at", "action_type", "topic_attribute_id", "updated_at", "session_user_id") VALUES (1, '2011-03-19 19:36:36.427055', 1, 18, '2011-03-19 19:36:36.427055', 35)
Rendered opinions/create.js.rjs (1.4ms)
Completed 200 OK in 416ms (Views: 16.0ms | ActiveRecord: 3.6ms)


Started GET "/" for 127.0.0.1 at Sun Mar 20 01:06:38 +0530 2011
  Processing by HomeController#index as HTML
  [1m[36mTopic Load (0.3ms)[0m  [1mSELECT "topics".* FROM "topics" WHERE (time_to_show < '2011-03-19 19:36:38.761986') ORDER BY time_to_show DESC LIMIT 1[0m
  [1m[35mTopic Load (0.1ms)[0m  SELECT "topics".* FROM "topics" WHERE (time_to_show > '2011-03-19 19:36:38.763314') ORDER BY time_to_show ASC LIMIT 1
  [1m[36mSessionUser Load (0.2ms)[0m  [1mSELECT "session_users".* FROM "session_users" WHERE ("session_users"."id" = 35) LIMIT 1[0m
  [1m[35mTopic Load (0.2ms)[0m  SELECT "topics".* FROM "topics" WHERE (time_to_show < '2011-03-19 19:36:38.782094') ORDER BY time_to_show DESC LIMIT 1
  [1m[36mTopic Load (0.1ms)[0m  [1mSELECT "topics".* FROM "topics" WHERE (time_to_show > '2011-03-19 19:36:38.782895') ORDER BY time_to_show ASC LIMIT 1[0m
  [1m[35mOpinion Load (0.4ms)[0m   select *, SUM(case when like_int = 1 then 1 else 0 end) as like_count,
 SUM(case when like_int = -1 then 1 else 0 end) as unlike_count, 
 SUM(case when opinions.session_user_id = 35 then opinions.like_int else 0 end) 
 as current_session_user_like_int from opinions
 inner join session_users on session_users.id = opinions.session_user_id 
 inner join topic_attributes on topic_attributes.id = opinions.topic_attribute_id
 where session_users.topic_id = 2
 group by opinions.topic_attribute_id
 order by (like_count + unlike_count) asc
  [1m[36mSessionUser Load (0.2ms)[0m  [1mselect * from (select session_users.*, sum(attrib.weight * o1.like_int * o2.like_int) as match_score from opinions as o1, opinions as o2, topic_attributes as attrib, session_users where o1.topic_attribute_id = o2.topic_attribute_id and o1.session_user_id != o2.session_user_id and o1.topic_attribute_id = attrib.id and o2.session_user_id = session_users.id and o1.session_user_id = 35 group by o2.session_user_id order by match_score desc) where match_score > 0 [0m
DEPRECATION WARNING: <% %> style block helpers are deprecated. Please use <%= %>. (called from _app_views_home_index_html_erb___896461872__621703878_0 at /home/junovac/bothlikethis/app/views/home/index.html.erb:70)
DEPRECATION WARNING: <% %> style block helpers are deprecated. Please use <%= %>. (called from _app_views_home_index_html_erb___896461872__621703878_0 at /home/junovac/bothlikethis/app/views/home/index.html.erb:83)
DEPRECATION WARNING: <% %> style block helpers are deprecated. Please use <%= %>. (called from _app_views_home_index_html_erb___896461872__621703878_0 at /home/junovac/bothlikethis/app/views/home/index.html.erb:125)
  [1m[35mTopicAttribute Load (0.2ms)[0m  SELECT "topic_attributes".* FROM "topic_attributes" WHERE ("topic_attributes"."id" = 18) LIMIT 1
Rendered home/index.html.erb within layouts/application (82.8ms)
Completed 200 OK in 134ms (Views: 87.6ms | ActiveRecord: 1.8ms)


Started GET "/" for 127.0.0.1 at Sun Mar 20 01:07:01 +0530 2011
  Processing by HomeController#index as HTML
  [1m[36mTopic Load (0.3ms)[0m  [1mSELECT "topics".* FROM "topics" WHERE (time_to_show < '2011-03-19 19:37:01.060949') ORDER BY time_to_show DESC LIMIT 1[0m
  [1m[35mTopic Load (0.2ms)[0m  SELECT "topics".* FROM "topics" WHERE (time_to_show > '2011-03-19 19:37:01.062526') ORDER BY time_to_show ASC LIMIT 1
  [1m[36mTopic Load (0.3ms)[0m  [1mSELECT "topics".* FROM "topics" WHERE (time_to_show < '2011-03-19 19:37:01.080890') ORDER BY time_to_show DESC LIMIT 1[0m
  [1m[35mTopic Load (0.1ms)[0m  SELECT "topics".* FROM "topics" WHERE (time_to_show > '2011-03-19 19:37:01.081860') ORDER BY time_to_show ASC LIMIT 1
  [1m[36mPossibleName Load (0.8ms)[0m  [1mselect * from possible_names where name not in (select given_username from session_users where session_users.topic_id = 2) order by RANDOM() LIMIT 1[0m
  [1m[35mAREL (1.0ms)[0m  INSERT INTO "session_users" ("topic_id", "created_at", "weight", "updated_at", "user_id", "given_username") VALUES (2, '2011-03-19 19:37:01.156669', 1.0, '2011-03-19 19:37:01.156669', NULL, 'marmoset')
  [1m[36mOpinion Load (0.6ms)[0m  [1m select *, SUM(case when like_int = 1 then 1 else 0 end) as like_count,
 SUM(case when like_int = -1 then 1 else 0 end) as unlike_count, 
 SUM(case when opinions.session_user_id = 36 then opinions.like_int else 0 end) 
 as current_session_user_like_int from opinions
 inner join session_users on session_users.id = opinions.session_user_id 
 inner join topic_attributes on topic_attributes.id = opinions.topic_attribute_id
 where session_users.topic_id = 2
 group by opinions.topic_attribute_id
 order by (like_count + unlike_count) asc[0m
  [1m[35mSessionUser Load (0.3ms)[0m  select * from (select session_users.*, sum(attrib.weight * o1.like_int * o2.like_int) as match_score from opinions as o1, opinions as o2, topic_attributes as attrib, session_users where o1.topic_attribute_id = o2.topic_attribute_id and o1.session_user_id != o2.session_user_id and o1.topic_attribute_id = attrib.id and o2.session_user_id = session_users.id and o1.session_user_id = 36 group by o2.session_user_id order by match_score desc) where match_score > 0 
DEPRECATION WARNING: <% %> style block helpers are deprecated. Please use <%= %>. (called from _app_views_home_index_html_erb___896461872__620344088_0 at /home/junovac/bothlikethis/app/views/home/index.html.erb:70)
DEPRECATION WARNING: <% %> style block helpers are deprecated. Please use <%= %>. (called from _app_views_home_index_html_erb___896461872__620344088_0 at /home/junovac/bothlikethis/app/views/home/index.html.erb:83)
DEPRECATION WARNING: <% %> style block helpers are deprecated. Please use <%= %>. (called from _app_views_home_index_html_erb___896461872__620344088_0 at /home/junovac/bothlikethis/app/views/home/index.html.erb:125)
  [1m[36mTopicAttribute Load (0.2ms)[0m  [1mSELECT "topic_attributes".* FROM "topic_attributes" WHERE ("topic_attributes"."id" = 18) LIMIT 1[0m
Rendered home/index.html.erb within layouts/application (28.6ms)
Completed 200 OK in 315ms (Views: 35.3ms | ActiveRecord: 3.8ms)


Started GET "/" for 127.0.0.1 at Sun Mar 20 01:07:11 +0530 2011
  Processing by HomeController#index as HTML
  [1m[35mTopic Load (0.3ms)[0m  SELECT "topics".* FROM "topics" WHERE (time_to_show < '2011-03-19 19:37:11.922819') ORDER BY time_to_show DESC LIMIT 1
  [1m[36mTopic Load (0.1ms)[0m  [1mSELECT "topics".* FROM "topics" WHERE (time_to_show > '2011-03-19 19:37:11.924131') ORDER BY time_to_show ASC LIMIT 1[0m
  [1m[35mSessionUser Load (0.2ms)[0m  SELECT "session_users".* FROM "session_users" WHERE ("session_users"."id" = 35) LIMIT 1
  [1m[36mTopic Load (0.2ms)[0m  [1mSELECT "topics".* FROM "topics" WHERE (time_to_show < '2011-03-19 19:37:11.942442') ORDER BY time_to_show DESC LIMIT 1[0m
  [1m[35mTopic Load (0.1ms)[0m  SELECT "topics".* FROM "topics" WHERE (time_to_show > '2011-03-19 19:37:11.943257') ORDER BY time_to_show ASC LIMIT 1
  [1m[36mOpinion Load (0.5ms)[0m  [1m select *, SUM(case when like_int = 1 then 1 else 0 end) as like_count,
 SUM(case when like_int = -1 then 1 else 0 end) as unlike_count, 
 SUM(case when opinions.session_user_id = 35 then opinions.like_int else 0 end) 
 as current_session_user_like_int from opinions
 inner join session_users on session_users.id = opinions.session_user_id 
 inner join topic_attributes on topic_attributes.id = opinions.topic_attribute_id
 where session_users.topic_id = 2
 group by opinions.topic_attribute_id
 order by (like_count + unlike_count) asc[0m
  [1m[35mSessionUser Load (0.2ms)[0m  select * from (select session_users.*, sum(attrib.weight * o1.like_int * o2.like_int) as match_score from opinions as o1, opinions as o2, topic_attributes as attrib, session_users where o1.topic_attribute_id = o2.topic_attribute_id and o1.session_user_id != o2.session_user_id and o1.topic_attribute_id = attrib.id and o2.session_user_id = session_users.id and o1.session_user_id = 35 group by o2.session_user_id order by match_score desc) where match_score > 0 
DEPRECATION WARNING: <% %> style block helpers are deprecated. Please use <%= %>. (called from _app_views_home_index_html_erb___896461872__620162388_0 at /home/junovac/bothlikethis/app/views/home/index.html.erb:70)
DEPRECATION WARNING: <% %> style block helpers are deprecated. Please use <%= %>. (called from _app_views_home_index_html_erb___896461872__620162388_0 at /home/junovac/bothlikethis/app/views/home/index.html.erb:83)
DEPRECATION WARNING: <% %> style block helpers are deprecated. Please use <%= %>. (called from _app_views_home_index_html_erb___896461872__620162388_0 at /home/junovac/bothlikethis/app/views/home/index.html.erb:125)
  [1m[36mTopicAttribute Load (0.2ms)[0m  [1mSELECT "topic_attributes".* FROM "topic_attributes" WHERE ("topic_attributes"."id" = 18) LIMIT 1[0m
Rendered home/index.html.erb within layouts/application (29.7ms)
Completed 200 OK in 136ms (Views: 34.9ms | ActiveRecord: 1.9ms)


Started POST "/opinions" for 127.0.0.1 at Sun Mar 20 01:07:20 +0530 2011
  Processing by OpinionsController#create as JS
  Parameters: {"opinion_text"=>"ji", "opinion"=>{"like"=>"true", "action_type"=>"1"}, "authenticity_token"=>"csIdbLNNW0USqAf6cmG7I2waiyfuQgQMqXFJynjblvo=", "utf8"=>"\342\234\223", "_"=>""}
  [1m[35mSessionUser Load (0.2ms)[0m  SELECT "session_users".* FROM "session_users" WHERE ("session_users"."id" = 35) LIMIT 1
  [1m[36mTopic Load (0.3ms)[0m  [1mSELECT "topics".* FROM "topics" WHERE (time_to_show < '2011-03-19 19:37:20.694400') ORDER BY time_to_show DESC LIMIT 1[0m
  [1m[35mTopic Load (0.1ms)[0m  SELECT "topics".* FROM "topics" WHERE (time_to_show > '2011-03-19 19:37:20.695669') ORDER BY time_to_show ASC LIMIT 1
  [1m[36mTopicAttribute Load (0.2ms)[0m  [1mSELECT "topic_attributes".* FROM "topic_attributes" WHERE (lower(text) = 'ji') LIMIT 1[0m
  [1m[35mSQL (0.2ms)[0m  SELECT COUNT(*) FROM "opinions" WHERE ("opinions".topic_attribute_id = NULL)
  [1m[36mCACHE (0.0ms)[0m  [1mSELECT "session_users".* FROM "session_users" WHERE ("session_users"."id" = 35) LIMIT 1[0m
  [1m[35mSQL (0.2ms)[0m  SELECT COUNT(*) FROM "opinions" WHERE ("opinions".session_user_id = 35)
  [1m[36mAREL (0.5ms)[0m  [1mUPDATE "session_users" SET "weight" = 0.5, "updated_at" = '2011-03-19 19:37:20.785387' WHERE ("session_users"."id" = 35)[0m
  [1m[35mAREL (0.9ms)[0m  INSERT INTO "topic_attributes" ("updated_at", "text", "weight", "created_at") VALUES ('2011-03-19 19:37:20.937981', 'ji', 1.0, '2011-03-19 19:37:20.937981')
  [1m[36mAREL (1.6ms)[0m  [1mINSERT INTO "opinions" ("session_user_id", "updated_at", "like_int", "topic_attribute_id", "action_type", "created_at") VALUES (35, '2011-03-19 19:37:21.071141', 1, 19, 1, '2011-03-19 19:37:21.071141')[0m
Rendered opinions/create.js.rjs (1.3ms)
Completed 200 OK in 553ms (Views: 10.5ms | ActiveRecord: 4.2ms)


Started GET "/" for 127.0.0.1 at Sun Mar 20 01:07:25 +0530 2011
  Processing by HomeController#index as HTML
  [1m[35mTopic Load (0.3ms)[0m  SELECT "topics".* FROM "topics" WHERE (time_to_show < '2011-03-19 19:37:25.859346') ORDER BY time_to_show DESC LIMIT 1
  [1m[36mTopic Load (0.1ms)[0m  [1mSELECT "topics".* FROM "topics" WHERE (time_to_show > '2011-03-19 19:37:25.860654') ORDER BY time_to_show ASC LIMIT 1[0m
  [1m[35mSessionUser Load (0.2ms)[0m  SELECT "session_users".* FROM "session_users" WHERE ("session_users"."id" = 35) LIMIT 1
  [1m[36mTopic Load (0.2ms)[0m  [1mSELECT "topics".* FROM "topics" WHERE (time_to_show < '2011-03-19 19:37:25.879136') ORDER BY time_to_show DESC LIMIT 1[0m
  [1m[35mTopic Load (0.1ms)[0m  SELECT "topics".* FROM "topics" WHERE (time_to_show > '2011-03-19 19:37:25.879943') ORDER BY time_to_show ASC LIMIT 1
  [1m[36mOpinion Load (0.5ms)[0m  [1m select *, SUM(case when like_int = 1 then 1 else 0 end) as like_count,
 SUM(case when like_int = -1 then 1 else 0 end) as unlike_count, 
 SUM(case when opinions.session_user_id = 35 then opinions.like_int else 0 end) 
 as current_session_user_like_int from opinions
 inner join session_users on session_users.id = opinions.session_user_id 
 inner join topic_attributes on topic_attributes.id = opinions.topic_attribute_id
 where session_users.topic_id = 2
 group by opinions.topic_attribute_id
 order by (like_count + unlike_count) asc[0m
  [1m[35mSessionUser Load (0.2ms)[0m  select * from (select session_users.*, sum(attrib.weight * o1.like_int * o2.like_int) as match_score from opinions as o1, opinions as o2, topic_attributes as attrib, session_users where o1.topic_attribute_id = o2.topic_attribute_id and o1.session_user_id != o2.session_user_id and o1.topic_attribute_id = attrib.id and o2.session_user_id = session_users.id and o1.session_user_id = 35 group by o2.session_user_id order by match_score desc) where match_score > 0 
DEPRECATION WARNING: <% %> style block helpers are deprecated. Please use <%= %>. (called from _app_views_home_index_html_erb___896461872__621501168_0 at /home/junovac/bothlikethis/app/views/home/index.html.erb:70)
DEPRECATION WARNING: <% %> style block helpers are deprecated. Please use <%= %>. (called from _app_views_home_index_html_erb___896461872__621501168_0 at /home/junovac/bothlikethis/app/views/home/index.html.erb:83)
DEPRECATION WARNING: <% %> style block helpers are deprecated. Please use <%= %>. (called from _app_views_home_index_html_erb___896461872__621501168_0 at /home/junovac/bothlikethis/app/views/home/index.html.erb:125)
  [1m[36mTopicAttribute Load (0.2ms)[0m  [1mSELECT "topic_attributes".* FROM "topic_attributes" WHERE ("topic_attributes"."id" = 18) LIMIT 1[0m
  [1m[35mTopicAttribute Load (0.2ms)[0m  SELECT "topic_attributes".* FROM "topic_attributes" WHERE ("topic_attributes"."id" = 19) LIMIT 1
Rendered home/index.html.erb within layouts/application (26.9ms)
Completed 200 OK in 78ms (Views: 31.5ms | ActiveRecord: 2.1ms)
